<?xml version="1.0" encoding="UTF-8"?>
<!-- Generated by org.testng.reporters.JUnitReportReporter -->
<testsuite hostname="Koushik" failures="0" tests="5" name="TestPackage.Login_hashmap" time="14.475" errors="0" timestamp="2025-01-06T13:06:01 IST" skipped="0">
  <testcase classname="TestPackage.Login_hashmap" name="sauseloginTest" time="1.694"/>
  <testcase classname="TestPackage.Login_hashmap" name="sauseloginTest" time="2.148"/>
  <testcase classname="TestPackage.Login_hashmap" name="sauseloginTest" time="6.853"/>
  <testcase classname="TestPackage.Login_hashmap" name="sauseloginTest" time="1.705"/>
  <testcase classname="TestPackage.Login_hashmap" name="sauseloginTest" time="2.075"/>
</testsuite> <!-- TestPackage.Login_hashmap -->
