<?xml version="1.0" encoding="UTF-8"?>
<!-- Generated by org.testng.reporters.JUnitReportReporter -->
<testsuite hostname="Koushik" failures="0" tests="1" name="TestPackage.saucelabLogin" time="2.213" errors="0" timestamp="2025-01-06T13:01:14 IST" skipped="0">
  <testcase classname="TestPackage.saucelabLogin" name="sauseloginTest" time="2.213"/>
</testsuite> <!-- TestPackage.saucelabLogin -->
