<?xml version="1.0" encoding="UTF-8"?>
<!-- Generated by org.testng.reporters.JUnitReportReporter -->
<testsuite hostname="Koushik" failures="0" tests="1" name="TestPackage.greenkartTest" time="29.699" errors="0" timestamp="2025-01-06T13:17:30 IST" skipped="0">
  <testcase classname="TestPackage.greenkartTest" name="checkouttest" time="29.699"/>
</testsuite> <!-- TestPackage.greenkartTest -->
