<?xml version="1.0" encoding="UTF-8"?>
<!-- Generated by org.testng.reporters.JUnitReportReporter -->
<testsuite hostname="Koushik" failures="0" tests="1" name="TestPackage.saucelabLogin" time="3.922" errors="0" timestamp="2025-01-07T00:42:00 IST" skipped="0">
  <testcase classname="TestPackage.saucelabLogin" name="sauseloginTest" time="3.922"/>
</testsuite> <!-- TestPackage.saucelabLogin -->
