<?xml version="1.0" encoding="UTF-8"?>
<!-- Generated by org.testng.reporters.JUnitReportReporter -->
<testsuite hostname="Koushik" failures="0" tests="1" name="TestPackage.saucelabLogin" time="4.149" errors="0" timestamp="2025-01-07T10:32:51 IST" skipped="0">
  <testcase classname="TestPackage.saucelabLogin" name="sauseloginTest" time="4.149"/>
</testsuite> <!-- TestPackage.saucelabLogin -->
