<?xml version="1.0" encoding="UTF-8"?>
<!-- Generated by org.testng.reporters.JUnitReportReporter -->
<testsuite hostname="Koushik" failures="0" tests="1" name="TestPackage.greenkartTest" time="32.085" errors="0" timestamp="2025-01-07T10:32:51 IST" skipped="0">
  <testcase classname="TestPackage.greenkartTest" name="checkouttest" time="32.085"/>
</testsuite> <!-- TestPackage.greenkartTest -->
