<?xml version="1.0" encoding="UTF-8"?>
<!-- Generated by org.testng.reporters.JUnitReportReporter -->
<testsuite hostname="Koushik" failures="0" tests="1" name="TestPackage.testqk" time="3.109" errors="0" timestamp="2025-01-09T18:04:31 IST" skipped="0">
  <testcase classname="TestPackage.testqk" name="test123" time="3.109"/>
</testsuite> <!-- TestPackage.testqk -->
