<?xml version="1.0" encoding="UTF-8"?>
<!-- Generated by org.testng.reporters.JUnitReportReporter -->
<testsuite hostname="Koushik" failures="0" tests="1" name="TestPackage.greenkartTest" time="34.722" errors="0" timestamp="2025-01-11T00:41:40 IST" skipped="0">
  <testcase classname="TestPackage.greenkartTest" name="checkouttest" time="34.722"/>
</testsuite> <!-- TestPackage.greenkartTest -->
