<?xml version="1.0" encoding="UTF-8"?>
<!-- Generated by org.testng.reporters.JUnitReportReporter -->
<testsuite hostname="Koushik" failures="0" tests="5" name="TestPackage.Login_hashmap" time="18.565" errors="0" timestamp="2025-01-07T10:32:51 IST" skipped="0">
  <testcase classname="TestPackage.Login_hashmap" name="sauseloginTest_hashmap" time="3.737"/>
  <testcase classname="TestPackage.Login_hashmap" name="sauseloginTest_hashmap" time="3.437"/>
  <testcase classname="TestPackage.Login_hashmap" name="sauseloginTest_hashmap" time="7.019"/>
  <testcase classname="TestPackage.Login_hashmap" name="sauseloginTest_hashmap" time="2.324"/>
  <testcase classname="TestPackage.Login_hashmap" name="sauseloginTest_hashmap" time="2.048"/>
</testsuite> <!-- TestPackage.Login_hashmap -->
