<?xml version="1.0" encoding="UTF-8"?>
<!-- Generated by org.testng.reporters.JUnitReportReporter -->
<testsuite hostname="Koushik" failures="0" tests="5" name="TestPackage.Login_hashmap" time="19.719" errors="0" timestamp="2025-01-07T00:42:00 IST" skipped="0">
  <testcase classname="TestPackage.Login_hashmap" name="sauseloginTest" time="2.045"/>
  <testcase classname="TestPackage.Login_hashmap" name="sauseloginTest" time="2.100"/>
  <testcase classname="TestPackage.Login_hashmap" name="sauseloginTest" time="3.510"/>
  <testcase classname="TestPackage.Login_hashmap" name="sauseloginTest" time="4.924"/>
  <testcase classname="TestPackage.Login_hashmap" name="sauseloginTest" time="7.140"/>
</testsuite> <!-- TestPackage.Login_hashmap -->
