<?xml version="1.0" encoding="UTF-8"?>
<!-- Generated by org.testng.reporters.JUnitReportReporter -->
<testsuite hostname="Koushik" failures="0" tests="1" name="TestPackage.greenkartTest" time="30.478" errors="0" timestamp="2024-12-20T01:57:12 IST" skipped="0">
  <testcase classname="TestPackage.greenkartTest" name="checkouttest" time="30.478"/>
</testsuite> <!-- TestPackage.greenkartTest -->
