<?xml version="1.0" encoding="UTF-8"?>
<!-- Generated by org.testng.reporters.JUnitReportReporter -->
<testsuite hostname="Koushik" failures="0" tests="1" name="TestPackage.stringcount" time="0.009" errors="0" timestamp="2025-01-09T13:34:12 IST" skipped="0">
  <testcase classname="TestPackage.stringcount" name="Stringcount" time="0.009"/>
</testsuite> <!-- TestPackage.stringcount -->
